  [1m[35m (106.7ms)[0m  [1m[35mCREATE DATABASE "dns_db" ENCODING = 'utf8'[0m
  [1m[35m (1.0ms)[0m  [1m[35mCREATE DATABASE "dns_db" ENCODING = 'utf8'[0m
  [1m[35m (11.8ms)[0m  [1m[35mCREATE TABLE "schema_migrations" ("version" character varying NOT NULL PRIMARY KEY)[0m
  [1m[35m (3.2ms)[0m  [1m[35mCREATE TABLE "ar_internal_metadata" ("key" character varying NOT NULL PRIMARY KEY, "value" character varying, "created_at" timestamp(6) NOT NULL, "updated_at" timestamp(6) NOT NULL)[0m
  [1m[35m (0.3ms)[0m  [1m[34mSELECT pg_try_advisory_lock(6369594892261014015)[0m
  [1m[36mActiveRecord::SchemaMigration Pluck (1.1ms)[0m  [1m[34mSELECT "schema_migrations"."version" FROM "schema_migrations" ORDER BY "schema_migrations"."version" ASC[0m
Migrating to CreateDnsLookups (20220521070709)
  [1m[36mTRANSACTION (0.1ms)[0m  [1m[35mBEGIN[0m
  [1m[35m (4.4ms)[0m  [1m[35mCREATE TABLE "dns_lookups" ("id" bigserial primary key, "domain" character varying, "created_at" timestamp(6) NOT NULL, "updated_at" timestamp(6) NOT NULL)[0m
  [1m[36mActiveRecord::SchemaMigration Create (4.2ms)[0m  [1m[32mINSERT INTO "schema_migrations" ("version") VALUES ($1) RETURNING "version"[0m  [["version", "20220521070709"]]
  [1m[36mTRANSACTION (0.4ms)[0m  [1m[35mCOMMIT[0m
  [1m[36mActiveRecord::InternalMetadata Load (0.4ms)[0m  [1m[34mSELECT "ar_internal_metadata".* FROM "ar_internal_metadata" WHERE "ar_internal_metadata"."key" = $1 LIMIT $2[0m  [["key", "environment"], ["LIMIT", 1]]
  [1m[36mTRANSACTION (0.1ms)[0m  [1m[35mBEGIN[0m
  [1m[36mActiveRecord::InternalMetadata Create (0.7ms)[0m  [1m[32mINSERT INTO "ar_internal_metadata" ("key", "value", "created_at", "updated_at") VALUES ($1, $2, $3, $4) RETURNING "key"[0m  [["key", "environment"], ["value", "development"], ["created_at", "2022-05-26 09:06:29.100819"], ["updated_at", "2022-05-26 09:06:29.100819"]]
  [1m[36mTRANSACTION (0.2ms)[0m  [1m[35mCOMMIT[0m
  [1m[35m (0.2ms)[0m  [1m[34mSELECT pg_advisory_unlock(6369594892261014015)[0m
  [1m[36mActiveRecord::SchemaMigration Pluck (0.7ms)[0m  [1m[34mSELECT "schema_migrations"."version" FROM "schema_migrations" ORDER BY "schema_migrations"."version" ASC[0m
Started GET "/" for 127.0.0.1 at 2022-05-26 21:08:46 +1000
  [1m[36mActiveRecord::SchemaMigration Pluck (1.1ms)[0m  [1m[34mSELECT "schema_migrations"."version" FROM "schema_migrations" ORDER BY "schema_migrations"."version" ASC[0m
Processing by MainController#index as HTML
  Rendering layout layouts/application.html.erb
  Rendering main/index.html.erb within layouts/application
  Rendered main/index.html.erb within layouts/application (Duration: 4.1ms | Allocations: 3776)
Importmap skipped missing path: turbo.min.js
Importmap skipped missing path: turbo.min.js
  Rendered layout layouts/application.html.erb (Duration: 86.4ms | Allocations: 86550)
Completed 200 OK in 95ms (Views: 89.4ms | ActiveRecord: 0.0ms | Allocations: 90964)


Started GET "/" for 127.0.0.1 at 2022-05-26 21:08:47 +1000
Processing by MainController#index as HTML
  Rendering layout layouts/application.html.erb
  Rendering main/index.html.erb within layouts/application
  Rendered main/index.html.erb within layouts/application (Duration: 1.5ms | Allocations: 2097)
  Rendered layout layouts/application.html.erb (Duration: 5.8ms | Allocations: 4600)
Completed 200 OK in 7ms (Views: 6.5ms | ActiveRecord: 0.0ms | Allocations: 4929)


Started GET "/" for 127.0.0.1 at 2022-05-26 21:09:37 +1000
Processing by MainController#index as HTML
  Rendering layout layouts/application.html.erb
  Rendering main/index.html.erb within layouts/application
  Rendered main/index.html.erb within layouts/application (Duration: 3.9ms | Allocations: 2569)
  Rendered layout layouts/application.html.erb (Duration: 9.2ms | Allocations: 5316)
Completed 200 OK in 14ms (Views: 12.1ms | ActiveRecord: 0.0ms | Allocations: 6157)


Started GET "/" for 127.0.0.1 at 2022-05-26 21:09:38 +1000
Processing by MainController#index as HTML
  Rendering layout layouts/application.html.erb
  Rendering main/index.html.erb within layouts/application
  Rendered main/index.html.erb within layouts/application (Duration: 1.9ms | Allocations: 2106)
  Rendered layout layouts/application.html.erb (Duration: 7.2ms | Allocations: 4472)
Completed 200 OK in 9ms (Views: 8.1ms | ActiveRecord: 0.0ms | Allocations: 4753)


Started GET "/" for 127.0.0.1 at 2022-05-26 21:09:45 +1000
Processing by MainController#index as HTML
  Rendering layout layouts/application.html.erb
  Rendering main/index.html.erb within layouts/application
  Rendered main/index.html.erb within layouts/application (Duration: 2.0ms | Allocations: 2537)
  Rendered layout layouts/application.html.erb (Duration: 5.0ms | Allocations: 5283)
Completed 200 OK in 9ms (Views: 7.3ms | ActiveRecord: 0.0ms | Allocations: 6096)


Started GET "/" for 127.0.0.1 at 2022-05-26 21:09:51 +1000
Processing by MainController#index as HTML
  Rendering layout layouts/application.html.erb
  Rendering main/index.html.erb within layouts/application
  Rendered main/index.html.erb within layouts/application (Duration: 2.8ms | Allocations: 2520)
  Rendered layout layouts/application.html.erb (Duration: 7.8ms | Allocations: 5267)
Completed 200 OK in 12ms (Views: 10.4ms | ActiveRecord: 0.0ms | Allocations: 6109)


Started GET "/" for 127.0.0.1 at 2022-05-26 21:09:58 +1000
Processing by MainController#index as HTML
  Rendering layout layouts/application.html.erb
  Rendering main/index.html.erb within layouts/application
  Rendered main/index.html.erb within layouts/application (Duration: 2.8ms | Allocations: 2540)
  Rendered layout layouts/application.html.erb (Duration: 8.6ms | Allocations: 5286)
Completed 200 OK in 12ms (Views: 10.6ms | ActiveRecord: 0.0ms | Allocations: 6118)


Started GET "/" for 127.0.0.1 at 2022-05-26 21:10:16 +1000
Processing by MainController#index as HTML
  Rendering layout layouts/application.html.erb
  Rendering main/index.html.erb within layouts/application
  Rendered main/index.html.erb within layouts/application (Duration: 2.7ms | Allocations: 2535)
  Rendered layout layouts/application.html.erb (Duration: 7.4ms | Allocations: 5282)
Completed 200 OK in 11ms (Views: 9.5ms | ActiveRecord: 0.0ms | Allocations: 6124)


